 Task :spring-beans:compileGroovy FAILED

FAILURE: Build failed with an exception.

* What went wrong:
Execution failed for task ':spring-beans:compileGroovy'.
> Could not resolve all files for configuration ':spring-beans:optional'.
   > Could not download groovy-3.0.4.jar (org.codehaus.groovy:groovy:3.0.4)
      > Could not get resource 'https://repo.maven.apache.org/maven2/org/codehaus/groovy/groovy/3.0.4/groovy-3.0.4.jar'.
         > Read timed out

* Try:
Run with --stacktrace option to get the stack trace. Run with --info or --debug option to get more log output. Run with --scan to get full insights.

* Get more help at https://help.gradle.org

Deprecated Gradle features were used in this build, making it incompatible with Gradle 7.0.
Use '--warning-mode all' to show the individual deprecation warnings.
See https://docs.gradle.org/6.5/userguide/command_line_interface.html#sec:command_line_warnings

BUILD FAILED in 17m 22s
81 actionable tasks: 28 executed, 53 up-to-date
